<?xml version="1.0" encoding="UTF-8"?>
<testng-results skipped="0" failed="0" ignored="0" total="1" passed="1">
  <reporter-output>
  </reporter-output>
  <suite name="Default suite" duration-ms="26117" started-at="2020-01-06T17:14:19 IST" finished-at="2020-01-06T17:14:45 IST">
    <groups>
    </groups>
    <test name="Default test" duration-ms="26117" started-at="2020-01-06T17:14:19 IST" finished-at="2020-01-06T17:14:45 IST">
      <class name="Com.Study.TestDemo">
        <test-method status="PASS" signature="setup()[pri:0, instance:Com.Study.TestDemo@63e2203c]" name="setup" is-config="true" duration-ms="25473" started-at="2020-01-06T17:14:19 IST" finished-at="2020-01-06T17:14:45 IST">
          <reporter-output>
          </reporter-output>
        </test-method> <!-- setup -->
        <test-method status="PASS" signature="LoginTest()[pri:0, instance:Com.Study.TestDemo@63e2203c]" name="LoginTest" duration-ms="575" started-at="2020-01-06T17:14:45 IST" finished-at="2020-01-06T17:14:45 IST">
          <reporter-output>
          </reporter-output>
        </test-method> <!-- LoginTest -->
      </class> <!-- Com.Study.TestDemo -->
    </test> <!-- Default test -->
  </suite> <!-- Default suite -->
</testng-results>
